<?xml version="1.0" encoding="UTF-8"?>
<testng-results skipped="0" failed="0" ignored="0" total="1" passed="1">
  <reporter-output>
  </reporter-output>
  <suite name="Default suite" duration-ms="3672" started-at="2020-03-24T14:01:42Z" finished-at="2020-03-24T14:01:46Z">
    <groups>
    </groups>
    <test name="Default test" duration-ms="3672" started-at="2020-03-24T14:01:42Z" finished-at="2020-03-24T14:01:46Z">
      <class name="restassuredTestpackage.Demo_PostMethod">
        <test-method status="PASS" signature="postData()[pri:0, instance:restassuredTestpackage.Demo_PostMethod@3bfdc050]" name="postData" is-config="true" duration-ms="290" started-at="2020-03-24T14:01:42Z" finished-at="2020-03-24T14:01:43Z">
          <reporter-output>
          </reporter-output>
        </test-method> <!-- postData -->
        <test-method status="PASS" signature="testEmployee()[pri:0, instance:restassuredTestpackage.Demo_PostMethod@3bfdc050]" name="testEmployee" duration-ms="3367" started-at="2020-03-24T14:01:43Z" finished-at="2020-03-24T14:01:46Z">
          <reporter-output>
          </reporter-output>
        </test-method> <!-- testEmployee -->
      </class> <!-- restassuredTestpackage.Demo_PostMethod -->
    </test> <!-- Default test -->
  </suite> <!-- Default suite -->
</testng-results>
